[ 2016-07-13T16:04:45+08:00 ] 127.0.0.1 /think/index.php?g=Admin&m=Menu&a=index&menuid=100
NOTIC: D方法实例化没找到模型类Common\Model\AuthRuleModel

[ 2016-07-13T16:04:51+08:00 ] 127.0.0.1 /think/index.php?g=Admin&m=Menu&a=edit&id=85&menuid=100
NOTIC: D方法实例化没找到模型类Common\Model\AuthRuleModel

[ 2016-07-13T16:04:56+08:00 ] 127.0.0.1 /think/index.php?g=Admin&m=Menu&a=edit_post
INFO: [ app_begin ] --START--
INFO: Run Behavior\ReadHtmlCacheBehavior [ RunTime:0.001217s ]
INFO: Run Behavior\CheckLangBehavior [ RunTime:0.002979s ]
INFO: [ app_begin ] --END-- [ RunTime:0.004945s ]
SQL: SHOW COLUMNS FROM `cmf_users` [ RunTime:0.0024s ]
SQL: SELECT * FROM `cmf_users` WHERE ( id=1 ) LIMIT 1   [ RunTime:0.0011s ]
SQL: SHOW COLUMNS FROM `cmf_menu` [ RunTime:0.0018s ]
NOTIC: D方法实例化没找到模型类Common\Model\AuthRuleModel
SQL: SHOW COLUMNS FROM `cmf_auth_rule` [ RunTime:0.0012s ]
NOTIC: [8] Undefined index: validate D:\AppServ\www\think\simplewind\Core\Library\Think\Model.class.php 第 1185 行.
SQL: SELECT `id` FROM `cmf_menu` WHERE `app` = 'Admin' AND `model` = 'Menu' AND `action` = 'default' LIMIT 1   [ RunTime:0.0008s ]
NOTIC: [8] Undefined index: auto D:\AppServ\www\think\simplewind\Core\Library\Think\Model.class.php 第 1128 行.
SQL: UPDATE `cmf_menu` SET `parentid`='0',`name`='菜单管理',`app`='Admin',`model`='Menu',`action`='default',`data`='',`icon`='list',`remark`='',`status`='0',`type`='1' WHERE `id` = 85 [ RunTime:0.0013s ]
SQL: SELECT * FROM `cmf_auth_rule` WHERE `name` = 'admin/menu/default' LIMIT 1   [ RunTime:0.0009s ]
SQL: UPDATE `cmf_auth_rule` SET `name`='admin/menu/default',`module`='Admin',`type`='admin_url',`title`='菜单管理' WHERE `name` = 'admin/menu/default' [ RunTime:0.0030s ]

[ 2016-07-13T16:04:56+08:00 ] 127.0.0.1 /think/index.php?g=Admin&m=Menu&a=edit&id=85&menuid=100
NOTIC: D方法实例化没找到模型类Common\Model\AuthRuleModel

[ 2016-07-13T16:34:57+08:00 ] 127.0.0.1 /think/index.php?g=Admin&m=public&a=dologin
INFO: [ app_begin ] --START--
INFO: Run Behavior\ReadHtmlCacheBehavior [ RunTime:0.001328s ]
INFO: Run Behavior\CheckLangBehavior [ RunTime:0.002775s ]
INFO: [ app_begin ] --END-- [ RunTime:0.004973s ]
SQL: SHOW COLUMNS FROM `cmf_users` [ RunTime:0.0017s ]
SQL: SELECT * FROM `cmf_users` WHERE `user_login` = 'admin' LIMIT 1   [ RunTime:0.0008s ]
SQL: SHOW COLUMNS FROM `cmf_role_user` [ RunTime:0.0012s ]
SQL: SELECT `role_id` FROM cmf_role_user a INNER JOIN cmf_role as b on a.role_id =b.id  WHERE `user_id` = '1' AND `status` = 1  [ RunTime:0.0007s ]
SQL: UPDATE `cmf_users` SET `user_login`='admin',`user_pass`='###d20ed657b7370bf3ccbd219bdfc56fe3',`user_nicename`='admin',`user_email`='hwk603@qq.com',`user_url`='',`avatar`='5782ff0aab996.jpg',`sex`='0',`birthday`=NULL,`signature`=NULL,`last_login_ip`='127.0.0.1',`last_login_time`='2016-07-13 16:34:57',`create_time`='2016-07-03 10:52:44',`user_activation_key`='',`user_status`='1',`score`='0',`user_type`='1',`coin`='0',`mobile`='' WHERE `id` = '1' [ RunTime:0.0007s ]

